{"level":"error","message":"connect ECONNREFUSED ::1:6379","service":"stress-service","timestamp":"2026-04-06 22:50:00"}
{"level":"error","message":"Unknown database 'stress_service_db'","service":"stress-service","timestamp":"2026-04-06 22:50:00"}
{"level":"error","message":"connect ECONNREFUSED ::1:6379","service":"stress-service","timestamp":"2026-04-06 22:50:39"}
{"level":"error","message":"Unknown database 'stress_service_db'","service":"stress-service","timestamp":"2026-04-06 22:50:39"}
{"level":"error","message":"connect ECONNREFUSED ::1:6379","service":"stress-service","timestamp":"2026-04-06 22:51:51"}
{"level":"error","message":"Unknown database 'stress_service_db'","service":"stress-service","timestamp":"2026-04-06 22:51:51"}
{"level":"error","message":"connect ECONNREFUSED ::1:6379","service":"stress-service","timestamp":"2026-04-06 22:52:43"}
{"level":"error","message":"connect ECONNREFUSED ::1:6379","service":"stress-service","timestamp":"2026-04-06 22:52:44"}
{"level":"error","message":"connect ECONNREFUSED ::1:6379","service":"stress-service","timestamp":"2026-04-06 22:52:45"}
{"level":"error","message":"connect ECONNREFUSED ::1:6379","service":"stress-service","timestamp":"2026-04-06 22:52:46"}
{"level":"error","message":"connect ECONNREFUSED ::1:6379","service":"stress-service","timestamp":"2026-04-06 22:52:47"}
{"level":"error","message":"connect ECONNREFUSED ::1:6379","service":"stress-service","timestamp":"2026-04-06 22:52:48"}
{"level":"error","message":"connect ECONNREFUSED ::1:6379","service":"stress-service","timestamp":"2026-04-06 22:52:49"}
{"level":"error","message":"connect ECONNREFUSED ::1:6379","service":"stress-service","timestamp":"2026-04-06 22:52:50"}
{"level":"error","message":"connect ECONNREFUSED ::1:6379","service":"stress-service","timestamp":"2026-04-06 22:52:53"}
{"level":"error","message":"connect ECONNREFUSED ::1:6379","service":"stress-service","timestamp":"2026-04-06 22:53:02"}
{"level":"error","message":"connect ECONNREFUSED ::1:6379","service":"stress-service","timestamp":"2026-04-06 22:53:22"}
{"level":"error","message":"connect ECONNREFUSED ::1:6379","service":"stress-service","timestamp":"2026-04-06 22:53:42"}
{"level":"error","message":"connect ECONNREFUSED ::1:6379","service":"stress-service","timestamp":"2026-04-06 22:53:53"}
{"level":"error","message":"connect ECONNREFUSED ::1:6379","service":"stress-service","timestamp":"2026-04-06 22:53:54"}
{"level":"error","message":"connect ECONNREFUSED ::1:6379","service":"stress-service","timestamp":"2026-04-06 22:53:56"}
{"level":"error","message":"connect ECONNREFUSED ::1:6379","service":"stress-service","timestamp":"2026-04-06 22:53:57"}
{"level":"error","message":"connect ECONNREFUSED ::1:6379","service":"stress-service","timestamp":"2026-04-06 22:53:58"}
{"level":"error","message":"connect ECONNREFUSED ::1:6379","service":"stress-service","timestamp":"2026-04-06 22:53:59"}
{"level":"error","message":"connect ECONNREFUSED ::1:6379","service":"stress-service","timestamp":"2026-04-06 22:54:00"}
{"level":"error","message":"connect ECONNREFUSED ::1:6379","service":"stress-service","timestamp":"2026-04-06 22:54:01"}
{"level":"error","message":"connect ECONNREFUSED ::1:6379","service":"stress-service","timestamp":"2026-04-06 22:54:02"}
{"level":"error","message":"connect ECONNREFUSED ::1:6379","service":"stress-service","timestamp":"2026-04-06 22:54:03"}
{"level":"error","message":"connect ECONNREFUSED ::1:6379","service":"stress-service","timestamp":"2026-04-06 22:54:04"}
{"level":"error","message":"connect ECONNREFUSED ::1:6379","service":"stress-service","timestamp":"2026-04-06 22:54:05"}
{"level":"error","message":"connect ECONNREFUSED ::1:6379","service":"stress-service","timestamp":"2026-04-06 22:54:06"}
{"level":"error","message":"connect ECONNREFUSED ::1:6379","service":"stress-service","timestamp":"2026-04-06 22:54:09"}
{"level":"error","message":"connect ECONNREFUSED ::1:6379","service":"stress-service","timestamp":"2026-04-06 22:54:17"}
{"level":"error","message":"request aborted","path":"/api/analyze","service":"stress-service","stack":"BadRequestError: request aborted\n    at IncomingMessage.onAborted (C:\\Users\\atefm\\Desktop\\Projects\\terrasens\\terrasens\\stress-service\\node_modules\\raw-body\\index.js:245:10)\n    at IncomingMessage.emit (node:events:514:28)\n    at IncomingMessage._destroy (node:_http_incoming:224:10)\n    at _destroy (node:internal/streams/destroy:109:10)\n    at IncomingMessage.destroy (node:internal/streams/destroy:71:5)\n    at abortIncoming (node:_http_server:766:9)\n    at socketOnClose (node:_http_server:760:3)\n    at Socket.emit (node:events:526:35)\n    at TCP.<anonymous> (node:net:323:12)","timestamp":"2026-04-07 13:17:54"}
{"level":"error","message":"request aborted","path":"/api/analyze","service":"stress-service","stack":"BadRequestError: request aborted\n    at IncomingMessage.onAborted (C:\\Users\\atefm\\Desktop\\Projects\\terrasens\\terrasens\\stress-service\\node_modules\\raw-body\\index.js:245:10)\n    at IncomingMessage.emit (node:events:514:28)\n    at IncomingMessage._destroy (node:_http_incoming:224:10)\n    at _destroy (node:internal/streams/destroy:109:10)\n    at IncomingMessage.destroy (node:internal/streams/destroy:71:5)\n    at abortIncoming (node:_http_server:766:9)\n    at socketOnClose (node:_http_server:760:3)\n    at Socket.emit (node:events:526:35)\n    at TCP.<anonymous> (node:net:323:12)","timestamp":"2026-04-07 13:17:54"}
{"level":"error","message":"request aborted","path":"/api/analyze","service":"stress-service","stack":"BadRequestError: request aborted\n    at IncomingMessage.onAborted (C:\\Users\\atefm\\Desktop\\Projects\\terrasens\\terrasens\\stress-service\\node_modules\\raw-body\\index.js:245:10)\n    at IncomingMessage.emit (node:events:514:28)\n    at IncomingMessage._destroy (node:_http_incoming:224:10)\n    at _destroy (node:internal/streams/destroy:109:10)\n    at IncomingMessage.destroy (node:internal/streams/destroy:71:5)\n    at abortIncoming (node:_http_server:766:9)\n    at socketOnClose (node:_http_server:760:3)\n    at Socket.emit (node:events:526:35)\n    at TCP.<anonymous> (node:net:323:12)","timestamp":"2026-04-07 13:17:54"}
{"level":"error","message":"Table 'stress_service_db.stress_records' doesn't exist","parcelId":23,"service":"stress-service","timestamp":"2026-04-07 13:21:41"}
{"level":"error","message":"Table 'stress_service_db.stress_records' doesn't exist","parcelId":23,"service":"stress-service","timestamp":"2026-04-07 13:21:41"}
{"level":"error","message":"Table 'stress_service_db.stress_records' doesn't exist","service":"stress-service","timestamp":"2026-04-07 13:21:41"}
{"level":"error","message":"Table 'stress_service_db.stress_records' doesn't exist","parcelId":22,"service":"stress-service","timestamp":"2026-04-07 13:21:41"}
{"level":"error","message":"Table 'stress_service_db.stress_records' doesn't exist","parcelId":22,"service":"stress-service","timestamp":"2026-04-07 13:21:41"}
{"level":"error","message":"Table 'stress_service_db.stress_records' doesn't exist","service":"stress-service","timestamp":"2026-04-07 13:21:41"}
{"level":"error","message":"Table 'stress_service_db.stress_records' doesn't exist","parcelId":21,"service":"stress-service","timestamp":"2026-04-07 13:21:41"}
{"level":"error","message":"Table 'stress_service_db.stress_records' doesn't exist","parcelId":21,"service":"stress-service","timestamp":"2026-04-07 13:21:41"}
{"level":"error","message":"Table 'stress_service_db.stress_records' doesn't exist","service":"stress-service","timestamp":"2026-04-07 13:21:41"}
{"level":"error","message":"Table 'stress_service_db.stress_records' doesn't exist","parcelId":23,"service":"stress-service","timestamp":"2026-04-07 13:21:41"}
{"level":"error","message":"Table 'stress_service_db.stress_records' doesn't exist","parcelId":23,"service":"stress-service","timestamp":"2026-04-07 13:21:41"}
{"level":"error","message":"Table 'stress_service_db.stress_records' doesn't exist","service":"stress-service","timestamp":"2026-04-07 13:21:41"}
{"level":"error","message":"Table 'stress_service_db.stress_records' doesn't exist","parcelId":22,"service":"stress-service","timestamp":"2026-04-07 13:21:41"}
{"level":"error","message":"Table 'stress_service_db.stress_records' doesn't exist","parcelId":22,"service":"stress-service","timestamp":"2026-04-07 13:21:41"}
{"level":"error","message":"Table 'stress_service_db.stress_records' doesn't exist","service":"stress-service","timestamp":"2026-04-07 13:21:41"}
{"level":"error","message":"Table 'stress_service_db.stress_records' doesn't exist","parcelId":21,"service":"stress-service","timestamp":"2026-04-07 13:21:41"}
{"level":"error","message":"Table 'stress_service_db.stress_records' doesn't exist","parcelId":21,"service":"stress-service","timestamp":"2026-04-07 13:21:41"}
{"level":"error","message":"Table 'stress_service_db.stress_records' doesn't exist","service":"stress-service","timestamp":"2026-04-07 13:21:41"}
{"level":"error","message":"Table 'stress_service_db.stress_records' doesn't exist","parcelId":23,"service":"stress-service","timestamp":"2026-04-07 13:21:58"}
{"level":"error","message":"Table 'stress_service_db.stress_records' doesn't exist","parcelId":23,"service":"stress-service","timestamp":"2026-04-07 13:21:58"}
{"level":"error","message":"Table 'stress_service_db.stress_records' doesn't exist","service":"stress-service","timestamp":"2026-04-07 13:21:58"}
{"level":"error","message":"Table 'stress_service_db.stress_records' doesn't exist","parcelId":22,"service":"stress-service","timestamp":"2026-04-07 13:21:58"}
{"level":"error","message":"Table 'stress_service_db.stress_records' doesn't exist","parcelId":22,"service":"stress-service","timestamp":"2026-04-07 13:21:58"}
{"level":"error","message":"Table 'stress_service_db.stress_records' doesn't exist","service":"stress-service","timestamp":"2026-04-07 13:21:58"}
{"level":"error","message":"Table 'stress_service_db.stress_records' doesn't exist","parcelId":21,"service":"stress-service","timestamp":"2026-04-07 13:21:58"}
{"level":"error","message":"Table 'stress_service_db.stress_records' doesn't exist","parcelId":21,"service":"stress-service","timestamp":"2026-04-07 13:21:58"}
{"level":"error","message":"Table 'stress_service_db.stress_records' doesn't exist","service":"stress-service","timestamp":"2026-04-07 13:21:58"}
{"level":"error","message":"Table 'stress_service_db.stress_records' doesn't exist","parcelId":23,"service":"stress-service","timestamp":"2026-04-07 13:21:58"}
{"level":"error","message":"Table 'stress_service_db.stress_records' doesn't exist","parcelId":23,"service":"stress-service","timestamp":"2026-04-07 13:21:58"}
{"level":"error","message":"Table 'stress_service_db.stress_records' doesn't exist","service":"stress-service","timestamp":"2026-04-07 13:21:58"}
{"level":"error","message":"Table 'stress_service_db.stress_records' doesn't exist","parcelId":22,"service":"stress-service","timestamp":"2026-04-07 13:21:58"}
{"level":"error","message":"Table 'stress_service_db.stress_records' doesn't exist","parcelId":22,"service":"stress-service","timestamp":"2026-04-07 13:21:58"}
{"level":"error","message":"Table 'stress_service_db.stress_records' doesn't exist","service":"stress-service","timestamp":"2026-04-07 13:21:58"}
{"level":"error","message":"Table 'stress_service_db.stress_records' doesn't exist","parcelId":21,"service":"stress-service","timestamp":"2026-04-07 13:21:58"}
{"level":"error","message":"Table 'stress_service_db.stress_records' doesn't exist","parcelId":21,"service":"stress-service","timestamp":"2026-04-07 13:21:58"}
{"level":"error","message":"Table 'stress_service_db.stress_records' doesn't exist","service":"stress-service","timestamp":"2026-04-07 13:21:58"}
{"level":"error","message":"request aborted","path":"/stress/analyze","service":"stress-service","stack":"BadRequestError: request aborted\n    at IncomingMessage.onAborted (C:\\Users\\atefm\\Desktop\\Projects\\terrasens\\terrasens\\stress-service\\node_modules\\raw-body\\index.js:245:10)\n    at IncomingMessage.emit (node:events:514:28)\n    at IncomingMessage._destroy (node:_http_incoming:224:10)\n    at _destroy (node:internal/streams/destroy:109:10)\n    at IncomingMessage.destroy (node:internal/streams/destroy:71:5)\n    at abortIncoming (node:_http_server:766:9)\n    at socketOnClose (node:_http_server:760:3)\n    at Socket.emit (node:events:526:35)\n    at TCP.<anonymous> (node:net:323:12)","timestamp":"2026-04-07 13:27:22"}
{"level":"error","message":"request aborted","path":"/stress/analyze","service":"stress-service","stack":"BadRequestError: request aborted\n    at IncomingMessage.onAborted (C:\\Users\\atefm\\Desktop\\Projects\\terrasens\\terrasens\\stress-service\\node_modules\\raw-body\\index.js:245:10)\n    at IncomingMessage.emit (node:events:514:28)\n    at IncomingMessage._destroy (node:_http_incoming:224:10)\n    at _destroy (node:internal/streams/destroy:109:10)\n    at IncomingMessage.destroy (node:internal/streams/destroy:71:5)\n    at abortIncoming (node:_http_server:766:9)\n    at socketOnClose (node:_http_server:760:3)\n    at Socket.emit (node:events:526:35)\n    at TCP.<anonymous> (node:net:323:12)","timestamp":"2026-04-07 13:27:22"}
{"level":"error","message":"request aborted","path":"/stress/analyze","service":"stress-service","stack":"BadRequestError: request aborted\n    at IncomingMessage.onAborted (C:\\Users\\atefm\\Desktop\\Projects\\terrasens\\terrasens\\stress-service\\node_modules\\raw-body\\index.js:245:10)\n    at IncomingMessage.emit (node:events:514:28)\n    at IncomingMessage._destroy (node:_http_incoming:224:10)\n    at _destroy (node:internal/streams/destroy:109:10)\n    at IncomingMessage.destroy (node:internal/streams/destroy:71:5)\n    at abortIncoming (node:_http_server:766:9)\n    at socketOnClose (node:_http_server:760:3)\n    at Socket.emit (node:events:526:35)\n    at TCP.<anonymous> (node:net:323:12)","timestamp":"2026-04-07 14:06:09"}
{"level":"error","message":"request aborted","path":"/stress/analyze","service":"stress-service","stack":"BadRequestError: request aborted\n    at IncomingMessage.onAborted (C:\\Users\\atefm\\Desktop\\Projects\\terrasens\\terrasens\\stress-service\\node_modules\\raw-body\\index.js:245:10)\n    at IncomingMessage.emit (node:events:514:28)\n    at IncomingMessage._destroy (node:_http_incoming:224:10)\n    at _destroy (node:internal/streams/destroy:109:10)\n    at IncomingMessage.destroy (node:internal/streams/destroy:71:5)\n    at abortIncoming (node:_http_server:766:9)\n    at socketOnClose (node:_http_server:760:3)\n    at Socket.emit (node:events:526:35)\n    at TCP.<anonymous> (node:net:323:12)","timestamp":"2026-04-07 14:06:09"}
{"level":"error","message":"request aborted","path":"/stress/api/stress/analyze","service":"stress-service","stack":"BadRequestError: request aborted\n    at IncomingMessage.onAborted (C:\\Users\\atefm\\Desktop\\Projects\\terrasens\\terrasens\\stress-service\\node_modules\\raw-body\\index.js:245:10)\n    at IncomingMessage.emit (node:events:514:28)\n    at IncomingMessage._destroy (node:_http_incoming:224:10)\n    at _destroy (node:internal/streams/destroy:109:10)\n    at IncomingMessage.destroy (node:internal/streams/destroy:71:5)\n    at abortIncoming (node:_http_server:766:9)\n    at socketOnClose (node:_http_server:760:3)\n    at Socket.emit (node:events:526:35)\n    at TCP.<anonymous> (node:net:323:12)","timestamp":"2026-04-07 14:15:15"}
{"level":"error","message":"request aborted","path":"/stress/api/stress/analyze","service":"stress-service","stack":"BadRequestError: request aborted\n    at IncomingMessage.onAborted (C:\\Users\\atefm\\Desktop\\Projects\\terrasens\\terrasens\\stress-service\\node_modules\\raw-body\\index.js:245:10)\n    at IncomingMessage.emit (node:events:514:28)\n    at IncomingMessage._destroy (node:_http_incoming:224:10)\n    at _destroy (node:internal/streams/destroy:109:10)\n    at IncomingMessage.destroy (node:internal/streams/destroy:71:5)\n    at abortIncoming (node:_http_server:766:9)\n    at socketOnClose (node:_http_server:760:3)\n    at Socket.emit (node:events:526:35)\n    at TCP.<anonymous> (node:net:323:12)","timestamp":"2026-04-07 14:15:15"}
{"level":"error","message":"request aborted","path":"/stress/api/stress/analyze","service":"stress-service","stack":"BadRequestError: request aborted\n    at IncomingMessage.onAborted (C:\\Users\\atefm\\Desktop\\Projects\\terrasens\\terrasens\\stress-service\\node_modules\\raw-body\\index.js:245:10)\n    at IncomingMessage.emit (node:events:514:28)\n    at IncomingMessage._destroy (node:_http_incoming:224:10)\n    at _destroy (node:internal/streams/destroy:109:10)\n    at IncomingMessage.destroy (node:internal/streams/destroy:71:5)\n    at abortIncoming (node:_http_server:766:9)\n    at socketOnClose (node:_http_server:760:3)\n    at Socket.emit (node:events:526:35)\n    at TCP.<anonymous> (node:net:323:12)","timestamp":"2026-04-07 14:21:19"}
{"level":"error","message":"request aborted","path":"/stress/api/stress/analyze","service":"stress-service","stack":"BadRequestError: request aborted\n    at IncomingMessage.onAborted (C:\\Users\\atefm\\Desktop\\Projects\\terrasens\\terrasens\\stress-service\\node_modules\\raw-body\\index.js:245:10)\n    at IncomingMessage.emit (node:events:514:28)\n    at IncomingMessage._destroy (node:_http_incoming:224:10)\n    at _destroy (node:internal/streams/destroy:109:10)\n    at IncomingMessage.destroy (node:internal/streams/destroy:71:5)\n    at abortIncoming (node:_http_server:766:9)\n    at socketOnClose (node:_http_server:760:3)\n    at Socket.emit (node:events:526:35)\n    at TCP.<anonymous> (node:net:323:12)","timestamp":"2026-04-07 14:21:19"}
{"level":"error","message":"request aborted","path":"/stress/api/stress/analyze","service":"stress-service","stack":"BadRequestError: request aborted\n    at IncomingMessage.onAborted (C:\\Users\\atefm\\Desktop\\Projects\\terrasens\\terrasens\\stress-service\\node_modules\\raw-body\\index.js:245:10)\n    at IncomingMessage.emit (node:events:514:28)\n    at IncomingMessage._destroy (node:_http_incoming:224:10)\n    at _destroy (node:internal/streams/destroy:109:10)\n    at IncomingMessage.destroy (node:internal/streams/destroy:71:5)\n    at abortIncoming (node:_http_server:766:9)\n    at socketOnClose (node:_http_server:760:3)\n    at Socket.emit (node:events:526:35)\n    at TCP.<anonymous> (node:net:323:12)","timestamp":"2026-04-07 14:21:19"}
{"level":"error","message":"request aborted","path":"/stress/api/stress/analyze","service":"stress-service","stack":"BadRequestError: request aborted\n    at IncomingMessage.onAborted (C:\\Users\\atefm\\Desktop\\Projects\\terrasens\\terrasens\\stress-service\\node_modules\\raw-body\\index.js:245:10)\n    at IncomingMessage.emit (node:events:514:28)\n    at IncomingMessage._destroy (node:_http_incoming:224:10)\n    at _destroy (node:internal/streams/destroy:109:10)\n    at IncomingMessage.destroy (node:internal/streams/destroy:71:5)\n    at abortIncoming (node:_http_server:766:9)\n    at socketOnClose (node:_http_server:760:3)\n    at Socket.emit (node:events:526:35)\n    at TCP.<anonymous> (node:net:323:12)","timestamp":"2026-04-07 14:21:19"}
{"level":"error","message":"request aborted","path":"/stress/analyze","service":"stress-service","stack":"BadRequestError: request aborted\n    at IncomingMessage.onAborted (C:\\Users\\atefm\\Desktop\\Projects\\terrasens\\terrasens\\stress-service\\node_modules\\raw-body\\index.js:245:10)\n    at IncomingMessage.emit (node:events:514:28)\n    at IncomingMessage._destroy (node:_http_incoming:224:10)\n    at _destroy (node:internal/streams/destroy:109:10)\n    at IncomingMessage.destroy (node:internal/streams/destroy:71:5)\n    at abortIncoming (node:_http_server:766:9)\n    at socketOnClose (node:_http_server:760:3)\n    at Socket.emit (node:events:526:35)\n    at TCP.<anonymous> (node:net:323:12)","timestamp":"2026-04-07 14:26:44"}
{"level":"error","message":"request aborted","path":"/stress/analyze","service":"stress-service","stack":"BadRequestError: request aborted\n    at IncomingMessage.onAborted (C:\\Users\\atefm\\Desktop\\Projects\\terrasens\\terrasens\\stress-service\\node_modules\\raw-body\\index.js:245:10)\n    at IncomingMessage.emit (node:events:514:28)\n    at IncomingMessage._destroy (node:_http_incoming:224:10)\n    at _destroy (node:internal/streams/destroy:109:10)\n    at IncomingMessage.destroy (node:internal/streams/destroy:71:5)\n    at abortIncoming (node:_http_server:766:9)\n    at socketOnClose (node:_http_server:760:3)\n    at Socket.emit (node:events:526:35)\n    at TCP.<anonymous> (node:net:323:12)","timestamp":"2026-04-07 14:26:44"}
{"level":"error","message":"request aborted","path":"/stress/analyze","service":"stress-service","stack":"BadRequestError: request aborted\n    at IncomingMessage.onAborted (C:\\Users\\atefm\\Desktop\\Projects\\terrasens\\terrasens\\stress-service\\node_modules\\raw-body\\index.js:245:10)\n    at IncomingMessage.emit (node:events:514:28)\n    at IncomingMessage._destroy (node:_http_incoming:224:10)\n    at _destroy (node:internal/streams/destroy:109:10)\n    at IncomingMessage.destroy (node:internal/streams/destroy:71:5)\n    at abortIncoming (node:_http_server:766:9)\n    at socketOnClose (node:_http_server:760:3)\n    at Socket.emit (node:events:526:35)\n    at TCP.<anonymous> (node:net:323:12)","timestamp":"2026-04-07 14:32:34"}
{"level":"error","message":"request aborted","path":"/stress/analyze","service":"stress-service","stack":"BadRequestError: request aborted\n    at IncomingMessage.onAborted (C:\\Users\\atefm\\Desktop\\Projects\\terrasens\\terrasens\\stress-service\\node_modules\\raw-body\\index.js:245:10)\n    at IncomingMessage.emit (node:events:514:28)\n    at IncomingMessage._destroy (node:_http_incoming:224:10)\n    at _destroy (node:internal/streams/destroy:109:10)\n    at IncomingMessage.destroy (node:internal/streams/destroy:71:5)\n    at abortIncoming (node:_http_server:766:9)\n    at socketOnClose (node:_http_server:760:3)\n    at Socket.emit (node:events:526:35)\n    at TCP.<anonymous> (node:net:323:12)","timestamp":"2026-04-07 14:32:34"}
{"level":"error","message":"connect ECONNREFUSED ::1:3002","parcelId":23,"service":"stress-service","timestamp":"2026-04-07 15:02:50"}
{"level":"error","message":"Failed to fetch parcel data: connect ECONNREFUSED ::1:3002","parcelId":23,"recordId":1,"service":"stress-service","timestamp":"2026-04-07 15:02:50"}
{"error":"Failed to fetch parcel data: connect ECONNREFUSED ::1:3002","level":"error","message":"[Dev Mock] Job failed: 23-1775570570248","service":"stress-service","timestamp":"2026-04-07 15:02:50"}
{"level":"error","message":"connect ECONNREFUSED ::1:3002","parcelId":23,"service":"stress-service","timestamp":"2026-04-07 15:03:24"}
{"level":"error","message":"Failed to fetch parcel data: connect ECONNREFUSED ::1:3002","parcelId":23,"recordId":2,"service":"stress-service","timestamp":"2026-04-07 15:03:24"}
{"error":"Failed to fetch parcel data: connect ECONNREFUSED ::1:3002","level":"error","message":"[Dev Mock] Job failed: 23-1775570604655","service":"stress-service","timestamp":"2026-04-07 15:03:24"}
{"level":"error","message":"connect ECONNREFUSED ::1:3002","parcelId":23,"service":"stress-service","timestamp":"2026-04-07 15:03:59"}
{"level":"error","message":"Failed to fetch parcel data: connect ECONNREFUSED ::1:3002","parcelId":23,"recordId":3,"service":"stress-service","timestamp":"2026-04-07 15:03:59"}
{"error":"Failed to fetch parcel data: connect ECONNREFUSED ::1:3002","level":"error","message":"[Dev Mock] Job failed: 23-1775570639533","service":"stress-service","timestamp":"2026-04-07 15:03:59"}
{"level":"error","message":"connect ECONNREFUSED ::1:3002","parcelId":23,"service":"stress-service","timestamp":"2026-04-07 15:05:01"}
{"level":"error","message":"Failed to fetch parcel data: connect ECONNREFUSED ::1:3002","parcelId":23,"recordId":4,"service":"stress-service","timestamp":"2026-04-07 15:05:01"}
{"error":"Failed to fetch parcel data: connect ECONNREFUSED ::1:3002","level":"error","message":"[Dev Mock] Job failed: 23-1775570701441","service":"stress-service","timestamp":"2026-04-07 15:05:01"}
{"level":"error","message":"Request failed with status code 401","parcelId":23,"service":"stress-service","timestamp":"2026-04-07 15:06:33"}
{"level":"error","message":"Failed to fetch parcel data: Request failed with status code 401","parcelId":23,"recordId":5,"service":"stress-service","timestamp":"2026-04-07 15:06:33"}
{"error":"Failed to fetch parcel data: Request failed with status code 401","level":"error","message":"[Dev Mock] Job failed: 23-1775570793266","service":"stress-service","timestamp":"2026-04-07 15:06:33"}
{"level":"error","message":"Request failed with status code 500","parcelId":23,"service":"stress-service","timestamp":"2026-04-07 15:10:21"}
{"level":"error","message":"Failed to fetch parcel data: Request failed with status code 500","parcelId":23,"recordId":6,"service":"stress-service","timestamp":"2026-04-07 15:10:21"}
{"error":"Failed to fetch parcel data: Request failed with status code 500","level":"error","message":"[Dev Mock] Job failed: 23-1775571021204","service":"stress-service","timestamp":"2026-04-07 15:10:21"}
{"level":"error","message":"Request failed with status code 500","parcelId":23,"service":"stress-service","timestamp":"2026-04-07 15:10:41"}
{"level":"error","message":"Failed to fetch parcel data: Request failed with status code 500","parcelId":23,"recordId":7,"service":"stress-service","timestamp":"2026-04-07 15:10:41"}
{"error":"Failed to fetch parcel data: Request failed with status code 500","level":"error","message":"[Dev Mock] Job failed: 23-1775571041125","service":"stress-service","timestamp":"2026-04-07 15:10:41"}
{"level":"error","message":"Request failed with status code 500","parcelId":23,"service":"stress-service","timestamp":"2026-04-07 15:11:32"}
{"level":"error","message":"Failed to fetch parcel data: Request failed with status code 500","parcelId":23,"recordId":8,"service":"stress-service","timestamp":"2026-04-07 15:11:32"}
{"error":"Failed to fetch parcel data: Request failed with status code 500","level":"error","message":"[Dev Mock] Job failed: 23-1775571092044","service":"stress-service","timestamp":"2026-04-07 15:11:32"}
{"level":"error","message":"Missing required parcel fields: polygon, latitude, longitude","parcelId":23,"service":"stress-service","timestamp":"2026-04-07 15:18:09"}
{"level":"error","message":"Failed to fetch parcel data: Missing required parcel fields: polygon, latitude, longitude","parcelId":23,"recordId":9,"service":"stress-service","timestamp":"2026-04-07 15:18:09"}
{"error":"Failed to fetch parcel data: Missing required parcel fields: polygon, latitude, longitude","level":"error","message":"[Dev Mock] Job failed: 23-1775571489875","service":"stress-service","timestamp":"2026-04-07 15:18:09"}
{"level":"error","message":"Missing required parcel field: name","parcelId":23,"service":"stress-service","timestamp":"2026-04-07 15:21:03"}
{"level":"error","message":"Failed to fetch parcel data: Missing required parcel field: name","parcelId":23,"recordId":10,"service":"stress-service","timestamp":"2026-04-07 15:21:03"}
{"error":"Failed to fetch parcel data: Missing required parcel field: name","level":"error","message":"[Dev Mock] Job failed: 23-1775571663464","service":"stress-service","timestamp":"2026-04-07 15:21:03"}
{"endpoint":"/searches/v1/landsat8l1g/search","level":"error","message":"Request failed with status code 404","service":"stress-service","status":404,"timestamp":"2026-04-07 15:22:28"}
{"level":"error","message":"Request failed with status code 404","service":"stress-service","timestamp":"2026-04-07 15:22:28"}
{"level":"error","message":"Request failed with status code 404","service":"stress-service","timestamp":"2026-04-07 15:22:28"}
{"level":"error","message":"Request failed with status code 404","parcelId":23,"recordId":11,"service":"stress-service","timestamp":"2026-04-07 15:22:28"}
{"error":"Request failed with status code 404","level":"error","message":"[Dev Mock] Job failed: 23-1775571747515","service":"stress-service","timestamp":"2026-04-07 15:22:28"}
{"level":"error","message":"Cannot read properties of undefined (reading '0')","service":"stress-service","timestamp":"2026-04-07 15:23:56"}
{"level":"error","message":"Cannot read properties of undefined (reading '0')","service":"stress-service","timestamp":"2026-04-07 15:23:56"}
{"level":"error","message":"Cannot read properties of undefined (reading '0')","parcelId":23,"recordId":12,"service":"stress-service","timestamp":"2026-04-07 15:23:56"}
{"error":"Cannot read properties of undefined (reading '0')","level":"error","message":"[Dev Mock] Job failed: 23-1775571836386","service":"stress-service","timestamp":"2026-04-07 15:23:56"}
{"level":"error","message":"Cannot read properties of undefined (reading '0')","service":"stress-service","timestamp":"2026-04-07 15:26:30"}
{"level":"error","message":"Cannot read properties of undefined (reading '0')","service":"stress-service","timestamp":"2026-04-07 15:26:30"}
{"level":"error","message":"Cannot read properties of undefined (reading '0')","parcelId":23,"recordId":13,"service":"stress-service","timestamp":"2026-04-07 15:26:30"}
{"error":"Cannot read properties of undefined (reading '0')","level":"error","message":"[Dev Mock] Job failed: 23-1775571990139","service":"stress-service","timestamp":"2026-04-07 15:26:30"}
{"level":"error","message":"Cannot read properties of undefined (reading '0')","service":"stress-service","timestamp":"2026-04-07 15:29:03"}
{"level":"error","message":"Cannot read properties of undefined (reading '0')","service":"stress-service","timestamp":"2026-04-07 15:29:03"}
{"level":"error","message":"Cannot read properties of undefined (reading '0')","parcelId":23,"recordId":14,"service":"stress-service","timestamp":"2026-04-07 15:29:03"}
{"error":"Cannot read properties of undefined (reading '0')","level":"error","message":"[Dev Mock] Job failed: 23-1775572143083","service":"stress-service","timestamp":"2026-04-07 15:29:03"}
{"level":"error","message":"Cannot read properties of undefined (reading '0')","service":"stress-service","timestamp":"2026-04-07 21:39:23"}
{"level":"error","message":"Cannot read properties of undefined (reading '0')","service":"stress-service","timestamp":"2026-04-07 21:39:23"}
{"level":"error","message":"Cannot read properties of undefined (reading '0')","parcelId":23,"recordId":15,"service":"stress-service","timestamp":"2026-04-07 21:39:23"}
{"error":"Cannot read properties of undefined (reading '0')","level":"error","message":"[Dev Mock] Job failed: 23-1775594363341","service":"stress-service","timestamp":"2026-04-07 21:39:23"}
{"level":"error","message":"connect ECONNREFUSED ::1:3003","parcelId":23,"service":"stress-service","timestamp":"2026-04-07 22:04:21"}
{"level":"error","message":"Failed to fetch parcel data: connect ECONNREFUSED ::1:3003","parcelId":23,"recordId":20,"service":"stress-service","timestamp":"2026-04-07 22:04:21"}
{"error":"Failed to fetch parcel data: connect ECONNREFUSED ::1:3003","level":"error","message":"[Dev Mock] Job failed: 23-1775595861284","service":"stress-service","timestamp":"2026-04-07 22:04:21"}
{"level":"error","message":"connect ECONNREFUSED ::1:3306","service":"stress-service","timestamp":"2026-04-17 19:04:54"}
{"level":"error","message":"connect ECONNREFUSED ::1:3306","service":"stress-service","timestamp":"2026-04-19 18:55:00"}
{"level":"error","message":"connect ECONNREFUSED ::1:3306","service":"stress-service","timestamp":"2026-04-19 18:55:04"}
{"level":"error","message":"MapService.getParcelMapData is not a function","service":"stress-service","timestamp":"2026-05-03 22:04:17"}
{"level":"error","message":"MapService.getParcelMapData is not a function","service":"stress-service","timestamp":"2026-05-03 22:04:21"}
{"level":"error","message":"MapService.getParcelMapData is not a function","service":"stress-service","timestamp":"2026-05-03 22:04:23"}
{"level":"error","message":"stressAnalysisQueue.getJobCounts is not a function","service":"stress-service","timestamp":"2026-06-14 15:39:10"}
{"level":"error","message":"stressAnalysisQueue.getJobCounts is not a function","service":"stress-service","timestamp":"2026-06-14 15:39:10"}
{"level":"error","message":"connect ECONNREFUSED ::1:3003","parcelId":29,"service":"stress-service","timestamp":"2026-06-14 15:39:11"}
{"level":"error","message":"Failed to fetch parcel data: connect ECONNREFUSED ::1:3003","parcelId":29,"recordId":53,"service":"stress-service","timestamp":"2026-06-14 15:39:11"}
{"error":"Failed to fetch parcel data: connect ECONNREFUSED ::1:3003","level":"error","message":"[Dev Mock] Job failed: 29-1781447951018","service":"stress-service","timestamp":"2026-06-14 15:39:11"}
{"level":"error","message":"connect ECONNREFUSED ::1:3003","parcelId":30,"service":"stress-service","timestamp":"2026-06-14 15:39:14"}
{"level":"error","message":"Failed to fetch parcel data: connect ECONNREFUSED ::1:3003","parcelId":30,"recordId":54,"service":"stress-service","timestamp":"2026-06-14 15:39:14"}
{"error":"Failed to fetch parcel data: connect ECONNREFUSED ::1:3003","level":"error","message":"[Dev Mock] Job failed: 30-1781447954053","service":"stress-service","timestamp":"2026-06-14 15:39:14"}
{"level":"error","message":"connect ECONNREFUSED ::1:3003","parcelId":31,"service":"stress-service","timestamp":"2026-06-14 15:39:17"}
{"level":"error","message":"Failed to fetch parcel data: connect ECONNREFUSED ::1:3003","parcelId":31,"recordId":55,"service":"stress-service","timestamp":"2026-06-14 15:39:17"}
{"error":"Failed to fetch parcel data: connect ECONNREFUSED ::1:3003","level":"error","message":"[Dev Mock] Job failed: 31-1781447957085","service":"stress-service","timestamp":"2026-06-14 15:39:17"}
{"level":"error","message":"connect ECONNREFUSED ::1:3003","parcelId":32,"service":"stress-service","timestamp":"2026-06-14 15:39:20"}
{"level":"error","message":"Failed to fetch parcel data: connect ECONNREFUSED ::1:3003","parcelId":32,"recordId":56,"service":"stress-service","timestamp":"2026-06-14 15:39:20"}
{"error":"Failed to fetch parcel data: connect ECONNREFUSED ::1:3003","level":"error","message":"[Dev Mock] Job failed: 32-1781447960109","service":"stress-service","timestamp":"2026-06-14 15:39:20"}
{"level":"error","message":"connect ECONNREFUSED ::1:3003","parcelId":33,"service":"stress-service","timestamp":"2026-06-14 15:39:23"}
{"level":"error","message":"Failed to fetch parcel data: connect ECONNREFUSED ::1:3003","parcelId":33,"recordId":57,"service":"stress-service","timestamp":"2026-06-14 15:39:23"}
{"error":"Failed to fetch parcel data: connect ECONNREFUSED ::1:3003","level":"error","message":"[Dev Mock] Job failed: 33-1781447963138","service":"stress-service","timestamp":"2026-06-14 15:39:23"}
{"level":"error","message":"stressAnalysisQueue.getJobCounts is not a function","service":"stress-service","timestamp":"2026-06-14 15:39:26"}
{"level":"error","message":"stressAnalysisQueue.getJobCounts is not a function","service":"stress-service","timestamp":"2026-06-14 15:39:26"}
{"level":"error","message":"stressAnalysisQueue.getJobCounts is not a function","service":"stress-service","timestamp":"2026-06-14 15:43:06"}
{"level":"error","message":"stressAnalysisQueue.getJobCounts is not a function","service":"stress-service","timestamp":"2026-06-14 15:43:06"}
{"level":"error","message":"connect ECONNREFUSED ::1:3003","parcelId":29,"service":"stress-service","timestamp":"2026-06-14 15:43:06"}
{"level":"error","message":"Failed to fetch parcel data: connect ECONNREFUSED ::1:3003","parcelId":29,"recordId":58,"service":"stress-service","timestamp":"2026-06-14 15:43:06"}
{"error":"Failed to fetch parcel data: connect ECONNREFUSED ::1:3003","level":"error","message":"[Dev Mock] Job failed: 29-1781448186923","service":"stress-service","timestamp":"2026-06-14 15:43:06"}
{"level":"error","message":"connect ECONNREFUSED ::1:3003","parcelId":30,"service":"stress-service","timestamp":"2026-06-14 15:43:09"}
{"level":"error","message":"Failed to fetch parcel data: connect ECONNREFUSED ::1:3003","parcelId":30,"recordId":59,"service":"stress-service","timestamp":"2026-06-14 15:43:09"}
{"error":"Failed to fetch parcel data: connect ECONNREFUSED ::1:3003","level":"error","message":"[Dev Mock] Job failed: 30-1781448189952","service":"stress-service","timestamp":"2026-06-14 15:43:09"}
{"level":"error","message":"connect ECONNREFUSED ::1:3003","parcelId":31,"service":"stress-service","timestamp":"2026-06-14 15:43:12"}
{"level":"error","message":"Failed to fetch parcel data: connect ECONNREFUSED ::1:3003","parcelId":31,"recordId":60,"service":"stress-service","timestamp":"2026-06-14 15:43:12"}
{"error":"Failed to fetch parcel data: connect ECONNREFUSED ::1:3003","level":"error","message":"[Dev Mock] Job failed: 31-1781448192977","service":"stress-service","timestamp":"2026-06-14 15:43:12"}
{"level":"error","message":"connect ECONNREFUSED ::1:3003","parcelId":32,"service":"stress-service","timestamp":"2026-06-14 15:43:16"}
{"level":"error","message":"Failed to fetch parcel data: connect ECONNREFUSED ::1:3003","parcelId":32,"recordId":61,"service":"stress-service","timestamp":"2026-06-14 15:43:16"}
{"error":"Failed to fetch parcel data: connect ECONNREFUSED ::1:3003","level":"error","message":"[Dev Mock] Job failed: 32-1781448196011","service":"stress-service","timestamp":"2026-06-14 15:43:16"}
{"level":"error","message":"connect ECONNREFUSED ::1:3003","parcelId":33,"service":"stress-service","timestamp":"2026-06-14 15:43:19"}
{"level":"error","message":"Failed to fetch parcel data: connect ECONNREFUSED ::1:3003","parcelId":33,"recordId":62,"service":"stress-service","timestamp":"2026-06-14 15:43:19"}
{"error":"Failed to fetch parcel data: connect ECONNREFUSED ::1:3003","level":"error","message":"[Dev Mock] Job failed: 33-1781448199039","service":"stress-service","timestamp":"2026-06-14 15:43:19"}
{"level":"error","message":"stressAnalysisQueue.getJobCounts is not a function","service":"stress-service","timestamp":"2026-06-14 15:43:22"}
{"level":"error","message":"stressAnalysisQueue.getJobCounts is not a function","service":"stress-service","timestamp":"2026-06-14 15:43:22"}
{"level":"error","message":"Sentinel Hub credentials not configured","service":"stress-service","timestamp":"2026-06-20 21:13:52"}
{"level":"error","message":"Failed to authenticate with Sentinel Hub","service":"stress-service","timestamp":"2026-06-20 21:13:52"}
{"fieldId":"30","level":"error","message":"Failed to authenticate with Sentinel Hub","service":"stress-service","timestamp":"2026-06-20 21:13:52"}
{"level":"error","message":"Sentinel Hub credentials not configured","service":"stress-service","timestamp":"2026-06-20 21:14:02"}
{"level":"error","message":"Failed to authenticate with Sentinel Hub","service":"stress-service","timestamp":"2026-06-20 21:14:02"}
{"fieldId":"30","level":"error","message":"Failed to authenticate with Sentinel Hub","service":"stress-service","timestamp":"2026-06-20 21:14:02"}
{"level":"error","message":"Sentinel Hub credentials not configured","service":"stress-service","timestamp":"2026-06-20 21:14:13"}
{"level":"error","message":"Failed to authenticate with Sentinel Hub","service":"stress-service","timestamp":"2026-06-20 21:14:13"}
{"fieldId":"30","level":"error","message":"Failed to authenticate with Sentinel Hub","service":"stress-service","timestamp":"2026-06-20 21:14:13"}
{"level":"error","message":"Sentinel Hub credentials not configured","service":"stress-service","timestamp":"2026-06-20 21:19:08"}
{"level":"error","message":"Failed to authenticate with Sentinel Hub","service":"stress-service","timestamp":"2026-06-20 21:19:08"}
{"fieldId":"1","level":"error","message":"Parcel 1 not found","service":"stress-service","timestamp":"2026-06-20 21:21:00"}
{"fieldId":"1","level":"error","message":"Parcel 1 not found","service":"stress-service","timestamp":"2026-06-20 21:21:00"}
{"level":"error","message":"Sentinel Hub credentials not configured","service":"stress-service","timestamp":"2026-06-20 21:21:16"}
{"level":"error","message":"Failed to authenticate with Sentinel Hub","service":"stress-service","timestamp":"2026-06-20 21:21:16"}
{"level":"error","message":"Sentinel Hub credentials not configured","service":"stress-service","timestamp":"2026-06-20 21:23:55"}
{"level":"error","message":"Failed to authenticate with Sentinel Hub","service":"stress-service","timestamp":"2026-06-20 21:23:55"}
{"level":"error","message":"Sentinel Hub credentials not configured","service":"stress-service","timestamp":"2026-06-20 21:24:22"}
{"level":"error","message":"Failed to authenticate with Sentinel Hub","service":"stress-service","timestamp":"2026-06-20 21:24:22"}
{"level":"error","message":"Sentinel Hub credentials not configured","service":"stress-service","timestamp":"2026-06-20 21:28:09"}
{"level":"error","message":"Failed to authenticate with Sentinel Hub","service":"stress-service","timestamp":"2026-06-20 21:28:09"}
{"level":"error","message":"Sentinel Hub credentials not configured","service":"stress-service","timestamp":"2026-06-20 21:30:08"}
{"level":"error","message":"Failed to authenticate with Sentinel Hub","service":"stress-service","timestamp":"2026-06-20 21:30:08"}
{"level":"error","message":"Sentinel Hub credentials not configured","service":"stress-service","timestamp":"2026-06-20 21:30:23"}
{"level":"error","message":"Failed to authenticate with Sentinel Hub","service":"stress-service","timestamp":"2026-06-20 21:30:23"}
{"level":"error","message":"Sentinel Hub credentials not configured","service":"stress-service","timestamp":"2026-06-20 21:32:19"}
{"level":"error","message":"Failed to authenticate with Sentinel Hub","service":"stress-service","timestamp":"2026-06-20 21:32:19"}
{"level":"error","message":"Sentinel Hub credentials not configured","service":"stress-service","timestamp":"2026-06-20 21:32:27"}
{"level":"error","message":"Failed to authenticate with Sentinel Hub","service":"stress-service","timestamp":"2026-06-20 21:32:27"}
{"level":"error","message":"Sentinel Hub credentials not configured","service":"stress-service","timestamp":"2026-06-20 21:32:46"}
{"level":"error","message":"Failed to authenticate with Sentinel Hub","service":"stress-service","timestamp":"2026-06-20 21:32:46"}
{"level":"error","message":"Sentinel Hub credentials not configured","service":"stress-service","timestamp":"2026-06-20 21:33:01"}
{"level":"error","message":"Failed to authenticate with Sentinel Hub","service":"stress-service","timestamp":"2026-06-20 21:33:01"}
{"level":"error","message":"Sentinel Hub credentials not configured","service":"stress-service","timestamp":"2026-06-20 21:33:48"}
{"level":"error","message":"Failed to authenticate with Sentinel Hub","service":"stress-service","timestamp":"2026-06-20 21:33:48"}
{"fieldId":"1","level":"error","message":"Parcel 1 not found","service":"stress-service","timestamp":"2026-06-20 21:33:53"}
{"fieldId":"1","level":"error","message":"Parcel 1 not found","service":"stress-service","timestamp":"2026-06-20 21:33:53"}
{"level":"error","message":"Sentinel Hub credentials not configured","service":"stress-service","timestamp":"2026-06-20 21:34:01"}
{"level":"error","message":"Failed to authenticate with Sentinel Hub","service":"stress-service","timestamp":"2026-06-20 21:34:01"}
{"level":"error","message":"Sentinel Hub credentials not configured","service":"stress-service","timestamp":"2026-06-20 21:34:23"}
{"level":"error","message":"Failed to authenticate with Sentinel Hub","service":"stress-service","timestamp":"2026-06-20 21:34:23"}
{"level":"error","message":"Sentinel Hub credentials not configured","service":"stress-service","timestamp":"2026-06-20 21:35:10"}
{"level":"error","message":"Failed to authenticate with Sentinel Hub","service":"stress-service","timestamp":"2026-06-20 21:35:10"}
{"level":"error","message":"Sentinel Hub credentials not configured","service":"stress-service","timestamp":"2026-06-20 21:36:45"}
{"level":"error","message":"Failed to authenticate with Sentinel Hub","service":"stress-service","timestamp":"2026-06-20 21:36:45"}
{"level":"error","message":"Sentinel Hub credentials not configured","service":"stress-service","timestamp":"2026-06-21 20:37:51"}
{"level":"error","message":"Failed to authenticate with Sentinel Hub","service":"stress-service","timestamp":"2026-06-21 20:37:51"}
{"level":"error","message":"Sentinel Hub credentials not configured","service":"stress-service","timestamp":"2026-06-21 20:46:01"}
{"level":"error","message":"Failed to authenticate with Sentinel Hub","service":"stress-service","timestamp":"2026-06-21 20:46:01"}
{"level":"error","message":"Sentinel Hub credentials not configured","service":"stress-service","timestamp":"2026-06-21 20:46:12"}
{"level":"error","message":"Failed to authenticate with Sentinel Hub","service":"stress-service","timestamp":"2026-06-21 20:46:12"}
{"level":"error","message":"Sentinel Hub credentials not configured","service":"stress-service","timestamp":"2026-06-21 20:46:15"}
{"level":"error","message":"Failed to authenticate with Sentinel Hub","service":"stress-service","timestamp":"2026-06-21 20:46:15"}
{"level":"error","message":"Sentinel Hub credentials not configured","service":"stress-service","timestamp":"2026-06-21 20:46:19"}
{"level":"error","message":"Failed to authenticate with Sentinel Hub","service":"stress-service","timestamp":"2026-06-21 20:46:19"}
{"level":"error","message":"Sentinel Hub credentials not configured","service":"stress-service","timestamp":"2026-06-21 20:46:52"}
{"level":"error","message":"Failed to authenticate with Sentinel Hub","service":"stress-service","timestamp":"2026-06-21 20:46:52"}
{"level":"error","message":"Sentinel Hub credentials not configured","service":"stress-service","timestamp":"2026-06-21 20:47:26"}
{"level":"error","message":"Failed to authenticate with Sentinel Hub","service":"stress-service","timestamp":"2026-06-21 20:47:26"}
{"level":"error","message":"Sentinel Hub credentials not configured","service":"stress-service","timestamp":"2026-06-21 20:47:28"}
{"level":"error","message":"Failed to authenticate with Sentinel Hub","service":"stress-service","timestamp":"2026-06-21 20:47:28"}
{"level":"error","message":"Sentinel Hub credentials not configured","service":"stress-service","timestamp":"2026-06-21 20:47:31"}
{"level":"error","message":"Failed to authenticate with Sentinel Hub","service":"stress-service","timestamp":"2026-06-21 20:47:31"}
{"level":"error","message":"Sentinel Hub credentials not configured","service":"stress-service","timestamp":"2026-06-21 20:58:26"}
{"level":"error","message":"Failed to authenticate with Sentinel Hub","service":"stress-service","timestamp":"2026-06-21 20:58:26"}
{"level":"error","message":"Sentinel Hub credentials not configured","service":"stress-service","timestamp":"2026-06-21 20:58:28"}
{"level":"error","message":"Failed to authenticate with Sentinel Hub","service":"stress-service","timestamp":"2026-06-21 20:58:28"}
{"level":"error","message":"Sentinel Hub credentials not configured","service":"stress-service","timestamp":"2026-06-21 20:58:30"}
{"level":"error","message":"Failed to authenticate with Sentinel Hub","service":"stress-service","timestamp":"2026-06-21 20:58:30"}
{"level":"error","message":"Sentinel Hub credentials not configured","service":"stress-service","timestamp":"2026-06-21 21:03:10"}
{"level":"error","message":"Failed to authenticate with Sentinel Hub","service":"stress-service","timestamp":"2026-06-21 21:03:10"}
{"level":"error","message":"Sentinel Hub credentials not configured","service":"stress-service","timestamp":"2026-06-21 21:03:22"}
{"level":"error","message":"Failed to authenticate with Sentinel Hub","service":"stress-service","timestamp":"2026-06-21 21:03:22"}
{"level":"error","message":"Sentinel Hub credentials not configured","service":"stress-service","timestamp":"2026-06-21 21:03:24"}
{"level":"error","message":"Failed to authenticate with Sentinel Hub","service":"stress-service","timestamp":"2026-06-21 21:03:24"}
{"level":"error","message":"Sentinel Hub credentials not configured","service":"stress-service","timestamp":"2026-06-21 21:03:38"}
{"level":"error","message":"Failed to authenticate with Sentinel Hub","service":"stress-service","timestamp":"2026-06-21 21:03:38"}
